<?xml version="1.0" encoding="UTF-8"?>
<testsuite xmlns:xsi="http://www.w3.org/2001/XMLSchema-instance" xsi:noNamespaceSchemaLocation="https://maven.apache.org/surefire/maven-surefire-plugin/xsd/surefire-test-report-3.0.xsd" version="3.0" name="com.revconnect.backend.BackendApplicationTests" time="19.316" tests="1" errors="0" skipped="0" failures="0">
  <properties>
[...]
</properties>
  <testcase name="contextLoads" classname="com.revconnect.backend.BackendApplicationTests" time="0.902">
    <system-out><![CDATA[2026-02-26 20:51:53.769 [main] INFO  org.springframework.test.context.support.AnnotationConfigContextLoaderUtils - Could not detect default configuration classes for test class [com.revconnect.backend.BackendApplicationTests]: BackendApplicationTests does not declare any static, non-private, non-final, nested classes annotated with @Configuration.
2026-02-26 20:51:53.978 [main] INFO  org.springframework.boot.test.context.SpringBootTestContextBootstrapper - Found @SpringBootConfiguration com.revconnect.RevConnectApplication for test class com.revconnect.backend.BackendApplicationTests

  .   ____          _            __ _ _
 /\\ / ___'_ __ _ _(_)_ __  __ _ \ \ \ \
( ( )\___ | '_ | '_| | '_ \/ _` | \ \ \ \
 \\/  ___)| |_)| | | | | || (_| |  ) ) ) )
  '  |____| .__|_| |_|_| |_\__, | / / / /
 =========|_|==============|___/=/_/_/_/
 :: Spring Boot ::                (v3.2.0)

2026-02-26 20:51:54.664 [background-preinit] INFO  org.hibernate.validator.internal.util.Version - HV000001: Hibernate Validator 8.0.1.Final
2026-02-26 20:51:54.719 [main] INFO  com.revconnect.backend.BackendApplicationTests - Starting BackendApplicationTests using Java 17.0.12 with PID 12660 (started by palla in D:\revconnect-fullstack\revconnect-Copy\RevConnect\backend)
2026-02-26 20:51:54.736 [main] DEBUG com.revconnect.backend.BackendApplicationTests - Running with Spring Boot v3.2.0, Spring v6.1.1
2026-02-26 20:51:54.736 [main] INFO  com.revconnect.backend.BackendApplicationTests - No active profile set, falling back to 1 default profile: "default"
2026-02-26 20:51:56.706 [main] INFO  org.springframework.data.repository.config.RepositoryConfigurationDelegate - Bootstrapping Spring Data JPA repositories in DEFAULT mode.
2026-02-26 20:51:56.883 [main] INFO  org.springframework.data.repository.config.RepositoryConfigurationDelegate - Finished Spring Data repository scanning in 143 ms. Found 7 JPA repository interfaces.
2026-02-26 20:51:59.210 [main] INFO  org.hibernate.jpa.internal.util.LogHelper - HHH000204: Processing PersistenceUnitInfo [name: default]
2026-02-26 20:51:59.630 [main] INFO  org.hibernate.Version - HHH000412: Hibernate ORM core version 6.3.1.Final
2026-02-26 20:51:59.793 [main] INFO  org.hibernate.cache.internal.RegionFactoryInitiator - HHH000026: Second-level cache disabled
2026-02-26 20:52:00.505 [main] INFO  org.springframework.orm.jpa.persistenceunit.SpringPersistenceUnitInfo - No LoadTimeWeaver setup: ignoring JPA class transformer
2026-02-26 20:52:00.544 [main] INFO  com.zaxxer.hikari.HikariDataSource - HikariPool-1 - Starting...
2026-02-26 20:52:00.776 [main] INFO  com.zaxxer.hikari.pool.HikariPool - HikariPool-1 - Added connection com.mysql.cj.jdbc.ConnectionImpl@3ca278bc
2026-02-26 20:52:00.784 [main] INFO  com.zaxxer.hikari.HikariDataSource - HikariPool-1 - Start completed.
2026-02-26 20:52:00.876 [main] WARN  org.hibernate.orm.deprecation - HHH90000025: MySQLDialect does not need to be specified explicitly using 'hibernate.dialect' (remove the property setting and it will be selected by default)
2026-02-26 20:52:02.563 [main] INFO  org.hibernate.engine.transaction.jta.platform.internal.JtaPlatformInitiator - HHH000489: No JTA platform available (set 'hibernate.transaction.jta.platform' to enable JTA platform integration)
2026-02-26 20:52:02.802 [main] INFO  org.springframework.orm.jpa.LocalContainerEntityManagerFactoryBean - Initialized JPA EntityManagerFactory for persistence unit 'default'
2026-02-26 20:52:04.199 [main] INFO  org.springframework.data.jpa.repository.query.QueryEnhancerFactory - Hibernate is in classpath; If applicable, HQL parser will be used.
2026-02-26 20:52:09.693 [main] INFO  org.springframework.security.web.DefaultSecurityFilterChain - Will secure any request with [org.springframework.security.web.session.DisableEncodeUrlFilter@56e7f92f, org.springframework.security.web.context.request.async.WebAsyncManagerIntegrationFilter@2265792c, org.springframework.security.web.context.SecurityContextHolderFilter@6ed99447, org.springframework.security.web.header.HeaderWriterFilter@6c249eb5, org.springframework.web.filter.CorsFilter@5379839c, org.springframework.security.web.authentication.logout.LogoutFilter@4efca68, com.revconnect.security.JwtAuthenticationFilter@7b4268e2, org.springframework.security.web.savedrequest.RequestCacheAwareFilter@51173c3a, org.springframework.security.web.servletapi.SecurityContextHolderAwareRequestFilter@1785e670, org.springframework.security.web.authentication.AnonymousAuthenticationFilter@36eff8df, org.springframework.security.web.session.SessionManagementFilter@41eab601, org.springframework.security.web.access.ExceptionTranslationFilter@45072949, org.springframework.security.web.access.intercept.AuthorizationFilter@6fd364a3]
2026-02-26 20:52:11.267 [main] INFO  com.revconnect.backend.BackendApplicationTests - Started BackendApplicationTests in 17.06 seconds (process running for 19.255)
]]></system-out>
  </testcase>
</testsuite>